This is pdfTeX, Version 3.14159265-2.6-1.40.20 (TeX Live 2019/Debian) (preloaded format=pdflatex 2022.4.11)  15 AUG 2022 16:42
entering extended mode
 restricted \write18 enabled.
 %&-line parsing enabled.
**SOCbudget.tex
(./SOCbudget.tex
LaTeX2e <2020-02-02> patch level 2
L3 programming layer <2020-02-14> (./copernicus.cls
Document Class: copernicus 2020/10/29 9.21 Copernicus papers
(/usr/share/texlive/texmf-dist/tex/latex/base/fixltx2e.sty
Package: fixltx2e 2016/12/29 v2.1a fixes to LaTeX (obsolete)
Applying: [2015/01/01] Old fixltx2e package on input line 46.


Package fixltx2e Warning: fixltx2e is not required with releases after 2015
(fixltx2e)                All fixes are now in the LaTeX kernel.
(fixltx2e)                See the latexrelease package for details.

Already applied: [0000/00/00] Old fixltx2e package on input line 53.
)
Additional configuration file copernicus.cfg used
(./copernicus.cfg) (/usr/share/texlive/texmf-dist/tex/latex/base/article.cls
Document Class: article 2019/12/20 v1.4l Standard LaTeX document class
(/usr/share/texlive/texmf-dist/tex/latex/base/fleqn.clo
File: fleqn.clo 2016/12/29 v1.2b Standard LaTeX option (flush left equations)
\mathindent=\dimen134
Applying: [2015/01/01] Make \[ robust on input line 50.
LaTeX Info: Redefining \[ on input line 51.
Already applied: [0000/00/00] Make \[ robust on input line 62.
Applying: [2015/01/01] Make \] robust on input line 74.
LaTeX Info: Redefining \] on input line 75.
Already applied: [0000/00/00] Make \] robust on input line 83.
)
(/usr/share/texlive/texmf-dist/tex/latex/base/size10.clo
File: size10.clo 2019/12/20 v1.4l Standard LaTeX file (size option)
)
\c@part=\count167
\c@section=\count168
\c@subsection=\count169
\c@subsubsection=\count170
\c@paragraph=\count171
\c@subparagraph=\count172
\c@figure=\count173
\c@table=\count174
\abovecaptionskip=\skip47
\belowcaptionskip=\skip48
\bibindent=\dimen135
)
\bleed=\dimen136
\longtwo@top=\skip49
\longtwo@bottom=\skip50
\longtwo@box=\box45

(/usr/share/texlive/texmf-dist/tex/generic/ulem/ulem.sty
\UL@box=\box46
\UL@hyphenbox=\box47
\UL@skip=\skip51
\UL@hook=\toks14
\UL@height=\dimen137
\UL@pe=\count175
\UL@pixel=\dimen138
\ULC@box=\box48
Package: ulem 2019/11/18
\ULdepth=\dimen139
)
(/usr/share/texlive/texmf-dist/tex/latex/base/fontenc.sty
Package: fontenc 2020/02/11 v2.0o Standard LaTeX package
)
(/usr/share/texlive/texmf-dist/tex/latex/base/textcomp.sty
Package: textcomp 2020/02/02 v2.0n Standard LaTeX package
)
(/usr/share/texlive/texmf-dist/tex/latex/base/inputenc.sty
Package: inputenc 2018/08/11 v1.3c Input encoding file
\inpenc@prehook=\toks15
\inpenc@posthook=\toks16
)
(/usr/share/texlive/texmf-dist/tex/generic/babel/babel.sty
Package: babel 2020/02/14 3.40 The Babel package

(/usr/share/texlive/texmf-dist/tex/generic/babel/switch.def
File: switch.def 2020/02/14 3.40 Babel switching mechanism
)
(/usr/share/texlive/texmf-dist/tex/generic/babel-english/english.ldf
Language: english 2017/06/06 v3.3r English support from the babel system

(/usr/share/texlive/texmf-dist/tex/generic/babel/babel.def
File: babel.def 2020/02/14 3.40 Babel common definitions
\babel@savecnt=\count176
\U@D=\dimen140

(/usr/share/texlive/texmf-dist/tex/generic/babel/txtbabel.def)
\bbl@readstream=\read2
\bbl@dirlevel=\count177
)
Package babel Info: \l@british = using hyphenrules for english
(babel)             (\language0) on input line 82.
Package babel Info: \l@UKenglish = using hyphenrules for english
(babel)             (\language0) on input line 83.
Package babel Info: \l@canadian = using hyphenrules for english
(babel)             (\language0) on input line 102.
Package babel Info: \l@australian = using hyphenrules for english
(babel)             (\language0) on input line 105.
Package babel Info: \l@newzealand = using hyphenrules for english
(babel)             (\language0) on input line 108.
))
(/usr/share/texlive/texmf-dist/tex/latex/tools/array.sty
Package: array 2019/08/31 v2.4l Tabular extension package (FMi)
\col@sep=\dimen141
\ar@mcellbox=\box49
\extrarowheight=\dimen142
\NC@list=\toks17
\extratabsurround=\skip52
\backup@length=\skip53
\ar@cellbox=\box50
)
(/usr/share/texlive/texmf-dist/tex/latex/tools/tabularx.sty
Package: tabularx 2020/01/15 v2.11c `tabularx' package (DPC)
\TX@col@width=\dimen143
\TX@old@table=\dimen144
\TX@old@col=\dimen145
\TX@target=\dimen146
\TX@delta=\dimen147
\TX@cols=\count178
\TX@ftn=\toks18
)
(/usr/share/texlive/texmf-dist/tex/latex/graphics/graphicx.sty
Package: graphicx 2019/11/30 v1.2a Enhanced LaTeX Graphics (DPC,SPQR)

(/usr/share/texlive/texmf-dist/tex/latex/graphics/keyval.sty
Package: keyval 2014/10/28 v1.15 key=value parser (DPC)
\KV@toks@=\toks19
)
(/usr/share/texlive/texmf-dist/tex/latex/graphics/graphics.sty
Package: graphics 2019/11/30 v1.4a Standard LaTeX Graphics (DPC,SPQR)

(/usr/share/texlive/texmf-dist/tex/latex/graphics/trig.sty
Package: trig 2016/01/03 v1.10 sin cos tan (DPC)
)
(/usr/share/texlive/texmf-dist/tex/latex/graphics-cfg/graphics.cfg
File: graphics.cfg 2016/06/04 v1.11 sample graphics configuration
)
Package graphics Info: Driver file: pdftex.def on input line 105.

(/usr/share/texlive/texmf-dist/tex/latex/graphics-def/pdftex.def
File: pdftex.def 2018/01/08 v1.0l Graphics/color driver for pdftex
))
\Gin@req@height=\dimen148
\Gin@req@width=\dimen149
)
(/usr/share/texlive/texmf-dist/tex/latex/graphics/color.sty
Package: color 2019/11/23 v1.2a Standard LaTeX Color (DPC)

(/usr/share/texlive/texmf-dist/tex/latex/graphics-cfg/color.cfg
File: color.cfg 2016/01/02 v1.6 sample color configuration
)
Package color Info: Driver file: pdftex.def on input line 147.
)
(/usr/share/texlive/texmf-dist/tex/latex/amsfonts/amssymb.sty
Package: amssymb 2013/01/14 v3.01 AMS font symbols

(/usr/share/texlive/texmf-dist/tex/latex/amsfonts/amsfonts.sty
Package: amsfonts 2013/01/14 v3.01 Basic AMSFonts support
\@emptytoks=\toks20
\symAMSa=\mathgroup4
\symAMSb=\mathgroup5
LaTeX Font Info:    Redeclaring math symbol \hbar on input line 98.
LaTeX Font Info:    Overwriting math alphabet `\mathfrak' in version `bold'
(Font)                  U/euf/m/n --> U/euf/b/n on input line 106.
))
(/usr/share/texlive/texmf-dist/tex/latex/amsmath/amsmath.sty
Package: amsmath 2020/01/20 v2.17e AMS math features
\@mathmargin=\skip54

For additional information on amsmath, use the `?' option.
(/usr/share/texlive/texmf-dist/tex/latex/amsmath/amstext.sty
Package: amstext 2000/06/29 v2.01 AMS text

(/usr/share/texlive/texmf-dist/tex/latex/amsmath/amsgen.sty
File: amsgen.sty 1999/11/30 v2.0 generic functions
\@emptytoks=\toks21
\ex@=\dimen150
))
(/usr/share/texlive/texmf-dist/tex/latex/amsmath/amsbsy.sty
Package: amsbsy 1999/11/29 v1.2d Bold Symbols
\pmbraise@=\dimen151
)
(/usr/share/texlive/texmf-dist/tex/latex/amsmath/amsopn.sty
Package: amsopn 2016/03/08 v2.02 operator names
)
\inf@bad=\count179
LaTeX Info: Redefining \frac on input line 227.
\uproot@=\count180
\leftroot@=\count181
LaTeX Info: Redefining \overline on input line 389.
\classnum@=\count182
\DOTSCASE@=\count183
LaTeX Info: Redefining \ldots on input line 486.
LaTeX Info: Redefining \dots on input line 489.
LaTeX Info: Redefining \cdots on input line 610.
\Mathstrutbox@=\box51
\strutbox@=\box52
\big@size=\dimen152
LaTeX Font Info:    Redeclaring font encoding OML on input line 733.
LaTeX Font Info:    Redeclaring font encoding OMS on input line 734.
\macc@depth=\count184
\c@MaxMatrixCols=\count185
\dotsspace@=\muskip16
\c@parentequation=\count186
\dspbrk@lvl=\count187
\tag@help=\toks22
\row@=\count188
\column@=\count189
\maxfields@=\count190
\andhelp@=\toks23
\eqnshift@=\dimen153
\alignsep@=\dimen154
\tagshift@=\dimen155
\tagwidth@=\dimen156
\totwidth@=\dimen157
\lineht@=\dimen158
\@envbody=\toks24
\multlinegap=\skip55
\multlinetaggap=\skip56
\mathdisplay@stack=\toks25
LaTeX Info: Redefining \[ on input line 2859.
LaTeX Info: Redefining \] on input line 2860.
)
(/usr/share/texlive/texmf-dist/tex/latex/amscls/amsthm.sty
Package: amsthm 2017/10/31 v2.20.4
\thm@style=\toks26
\thm@bodyfont=\toks27
\thm@headfont=\toks28
\thm@notefont=\toks29
\thm@headpunct=\toks30
\thm@preskip=\skip57
\thm@postskip=\skip58
\thm@headsep=\skip59
\dth@everypar=\toks31
)
\affilsep=\skip60
\@affilsep=\skip61
\c@Maxaffil=\count191
\c@authors=\count192
\c@affil=\count193
\c@authnum=\count194

(/usr/share/texlive/texmf-dist/tex/latex/url/url.sty
\Urlmuskip=\muskip17
Package: url 2013/09/16  ver 3.4  Verb mode for urls, etc.
)

Class copernicus Warning: Cannot find accents.sty; proceeding without it.

(/usr/share/texlive/texmf-dist/tex/latex/cancel/cancel.sty
Package: cancel 2013/04/12 v2.2 Cancel math terms
)
(/usr/share/texlive/texmf-dist/tex/latex/multirow/multirow.sty
Package: multirow 2019/05/31 v2.5 Span multiple rows of a table
\multirow@colwidth=\skip62
\multirow@cntb=\count195
\multirow@dima=\skip63
\bigstrutjot=\dimen159
)
(/usr/share/texlive/texmf-dist/tex/latex/supertabular/supertabular.sty
Package: supertabular 2020/02/02 v4.1g the supertabular environment
\c@tracingst=\count196
\ST@wd=\dimen160
\ST@rightskip=\skip64
\ST@leftskip=\skip65
\ST@parfillskip=\skip66
\ST@pageleft=\dimen161
\ST@headht=\dimen162
\ST@tailht=\dimen163
\ST@pagesofar=\dimen164
\ST@pboxht=\dimen165
\ST@lineht=\dimen166
\ST@prevht=\dimen167
\ST@toadd=\dimen168
\ST@dimen=\dimen169
\ST@pbox=\box53
)

Class copernicus Warning: Cannot find algorithmic.sty; proceeding without it.


Class copernicus Warning: Cannot find algorithm.sty; proceeding without it.

\c@figscheme=\count197
\c@plates=\count198
\c@listings=\count199
\c@boxes=\count266
(/usr/share/texlive/texmf-dist/tex/latex/caption/caption.sty
Package: caption 2020/01/03 v3.4h Customizing captions (AR)

(/usr/share/texlive/texmf-dist/tex/latex/caption/caption3.sty
Package: caption3 2020/01/03 v1.8h caption3 kernel (AR)
Package caption3 Info: TeX engine: e-TeX on input line 61.
\captionmargin=\dimen170
\captionmargin@=\dimen171
\captionwidth=\dimen172
\caption@tempdima=\dimen173
\caption@indent=\dimen174
\caption@parindent=\dimen175
\caption@hangindent=\dimen176
Package caption Info: Unknown document class (or package),
(caption)             standard defaults will be used.
Package caption Info: \@makecaption = \long macro:#1#2->\def \@tempa {figure}\i
fx \@captype \@tempa \if@stage@final \vskip 0.7\abovecaptionskip \else \vskip \
abovecaptionskip \goodbreak \fi \fi {\let \in@caption \relax \reset@font \small
 {\bfseries #1.} #2\par }\if@cop@home \ifonline \ifnum \csname c@\@captype \end
csname =1 \immediate \write \@auxout {\string \gdef \string \@num \@captype {}}
\hypertarget {\@captype }{}\fi \fi \fi \def \@tempa {table}\ifx \@captype \@tem
pa \vskip \abovecaptionskip \if@stage@final \else \goodbreak \fi \fi  on input 
line 1082.
)

Package caption Warning: Unknown document class (or package),
(caption)                standard defaults will be used.
See the caption package documentation for explanation.

\c@caption@flags=\count267
\c@continuedfloat=\count268
Package caption Info: supertabular package is loaded.
) (/usr/share/texlive/texmf-dist/tex/latex/subfloat/subfloat.sty
Package: subfloat 2003/08/21 version 2.14

Package `subfloat', Version 2.14 of 2003/08/21.

Package subfloat Warning: Numbers of floats not counted:
(subfloat)                If you use one of the counters subfloatfiguremax or
(subfloat)                subfloattablemax you will get strange error messages
(subfloat)                containing \c@subfloatfiguremax or
(subfloat)                \c@subfloattablemax:
(subfloat)                Please switch on countmax or remove the code using
(subfloat)                the counter then..

) (/usr/share/texlive/texmf-dist/tex/latex/natbib/natbib.sty
Package: natbib 2010/09/13 8.31b (PWD, AO)
\bibhang=\skip67
\bibsep=\skip68
LaTeX Info: Redefining \cite on input line 694.
\c@NAT@ctr=\count269
)
(/usr/share/texlive/texmf-dist/tex/latex/graphics/rotating.sty
Package: rotating 2016/08/11 v2.16d rotated objects in LaTeX

(/usr/share/texlive/texmf-dist/tex/latex/base/ifthen.sty
Package: ifthen 2014/09/29 v1.1c Standard LaTeX ifthen package (DPC)
)
\c@r@tfl@t=\count270
\rotFPtop=\skip69
\rotFPbot=\skip70
\rot@float@box=\box54
\rot@mess@toks=\toks32
)
(/usr/share/texlive/texmf-dist/tex/latex/lineno/lineno.sty
Package: lineno 2005/11/02 line numbers on paragraphs v4.41
\linenopenalty=\count271
\output=\toks33
\linenoprevgraf=\count272
\linenumbersep=\dimen177
\linenumberwidth=\dimen178
\c@linenumber=\count273
\c@pagewiselinenumber=\count274
\c@LN@truepage=\count275
\c@internallinenumber=\count276
\c@internallinenumbers=\count277
\quotelinenumbersep=\dimen179
\bframerule=\dimen180
\bframesep=\dimen181
\bframebox=\box55
LaTeX Info: Redefining \\ on input line 3056.
)
(/usr/share/texlive/texmf-dist/tex/latex/psnfss/times.sty
Package: times 2005/04/12 PSNFSS-v9.2a (SPQR) 
)
(/usr/share/texlive/texmf-dist/tex/latex/psnfss/pifont.sty
Package: pifont 2005/04/12 PSNFSS-v9.2a Pi font support (SPQR) 
LaTeX Font Info:    Trying to load font information for U+pzd on input line 63.


(/usr/share/texlive/texmf-dist/tex/latex/psnfss/upzd.fd
File: upzd.fd 2001/06/04 font definitions for U/pzd.
)
LaTeX Font Info:    Trying to load font information for U+psy on input line 64.


(/usr/share/texlive/texmf-dist/tex/latex/psnfss/upsy.fd
File: upsy.fd 2001/06/04 font definitions for U/psy.
))
(/usr/share/texlive/texmf-dist/tex/latex/hyperref/hyperref.sty
Package: hyperref 2020/01/14 v7.00d Hypertext links for LaTeX

(/usr/share/texlive/texmf-dist/tex/generic/ltxcmds/ltxcmds.sty
Package: ltxcmds 2019/12/15 v1.24 LaTeX kernel commands for general use (HO)
)
(/usr/share/texlive/texmf-dist/tex/generic/iftex/iftex.sty
Package: iftex 2019/11/07 v1.0c TeX engine tests
)
(/usr/share/texlive/texmf-dist/tex/latex/pdftexcmds/pdftexcmds.sty
Package: pdftexcmds 2019/11/24 v0.31 Utility functions of pdfTeX for LuaTeX (HO
)

(/usr/share/texlive/texmf-dist/tex/generic/infwarerr/infwarerr.sty
Package: infwarerr 2019/12/03 v1.5 Providing info/warning/error messages (HO)
)
Package pdftexcmds Info: \pdf@primitive is available.
Package pdftexcmds Info: \pdf@ifprimitive is available.
Package pdftexcmds Info: \pdfdraftmode found.
)
(/usr/share/texlive/texmf-dist/tex/generic/kvsetkeys/kvsetkeys.sty
Package: kvsetkeys 2019/12/15 v1.18 Key value parser (HO)
)
(/usr/share/texlive/texmf-dist/tex/generic/kvdefinekeys/kvdefinekeys.sty
Package: kvdefinekeys 2019-12-19 v1.6 Define keys (HO)
)
(/usr/share/texlive/texmf-dist/tex/generic/pdfescape/pdfescape.sty
Package: pdfescape 2019/12/09 v1.15 Implements pdfTeX's escape features (HO)
)
(/usr/share/texlive/texmf-dist/tex/latex/hycolor/hycolor.sty
Package: hycolor 2020-01-27 v1.10 Color options for hyperref/bookmark (HO)
)
(/usr/share/texlive/texmf-dist/tex/latex/letltxmacro/letltxmacro.sty
Package: letltxmacro 2019/12/03 v1.6 Let assignment for LaTeX macros (HO)
)
(/usr/share/texlive/texmf-dist/tex/latex/auxhook/auxhook.sty
Package: auxhook 2019-12-17 v1.6 Hooks for auxiliary files (HO)
)
(/usr/share/texlive/texmf-dist/tex/latex/kvoptions/kvoptions.sty
Package: kvoptions 2019/11/29 v3.13 Key value format for package options (HO)
)
\@linkdim=\dimen182
\Hy@linkcounter=\count278
\Hy@pagecounter=\count279

(/usr/share/texlive/texmf-dist/tex/latex/hyperref/pd1enc.def
File: pd1enc.def 2020/01/14 v7.00d Hyperref: PDFDocEncoding definition (HO)
Now handling font encoding PD1 ...
... no UTF-8 mapping file for font encoding PD1
)
(/usr/share/texlive/texmf-dist/tex/generic/intcalc/intcalc.sty
Package: intcalc 2019/12/15 v1.3 Expandable calculations with integers (HO)
)
(/usr/share/texlive/texmf-dist/tex/generic/etexcmds/etexcmds.sty
Package: etexcmds 2019/12/15 v1.7 Avoid name clashes with e-TeX commands (HO)
)
\Hy@SavedSpaceFactor=\count280
\pdfmajorversion=\count281
Package hyperref Info: Option `bookmarks' set `false' on input line 4421.
Package hyperref Info: Hyper figures OFF on input line 4547.
Package hyperref Info: Link nesting OFF on input line 4552.
Package hyperref Info: Hyper index ON on input line 4555.
Package hyperref Info: Plain pages OFF on input line 4562.
Package hyperref Info: Backreferencing OFF on input line 4567.
Package hyperref Info: Implicit mode ON; LaTeX internals redefined.
Package hyperref Info: Bookmarks OFF on input line 4806.
\c@Hy@tempcnt=\count282
LaTeX Info: Redefining \url on input line 5159.
\XeTeXLinkMargin=\dimen183

(/usr/share/texlive/texmf-dist/tex/generic/bitset/bitset.sty
Package: bitset 2019/12/09 v1.3 Handle bit-vector datatype (HO)

(/usr/share/texlive/texmf-dist/tex/generic/bigintcalc/bigintcalc.sty
Package: bigintcalc 2019/12/15 v1.5 Expandable calculations on big integers (HO
)
))
\Fld@menulength=\count283
\Field@Width=\dimen184
\Fld@charsize=\dimen185
Package hyperref Info: Hyper figures OFF on input line 6430.
Package hyperref Info: Link nesting OFF on input line 6435.
Package hyperref Info: Hyper index ON on input line 6438.
Package hyperref Info: backreferencing OFF on input line 6445.
Package hyperref Info: Link coloring OFF on input line 6450.
Package hyperref Info: Link coloring with OCG OFF on input line 6455.
Package hyperref Info: PDF/A mode OFF on input line 6460.
LaTeX Info: Redefining \ref on input line 6500.
LaTeX Info: Redefining \pageref on input line 6504.

(/usr/share/texlive/texmf-dist/tex/generic/atbegshi/atbegshi.sty
Package: atbegshi 2019/12/05 v1.19 At begin shipout hook (HO)
)
\Hy@abspage=\count284
\c@Item=\count285
\c@Hfootnote=\count286
)
Package hyperref Info: Driver (autodetected): hpdftex.

(/usr/share/texlive/texmf-dist/tex/latex/hyperref/hpdftex.def
File: hpdftex.def 2020/01/14 v7.00d Hyperref driver for pdfTeX

(/usr/share/texlive/texmf-dist/tex/latex/atveryend/atveryend.sty
Package: atveryend 2019-12-11 v1.11 Hooks at the very end of document (HO)
Package atveryend Info: \enddocument detected (standard20110627).
)
\Fld@listcount=\count287
\c@bookmark@seq@number=\count288

(/usr/share/texlive/texmf-dist/tex/latex/rerunfilecheck/rerunfilecheck.sty
Package: rerunfilecheck 2019/12/05 v1.9 Rerun checks for auxiliary files (HO)

(/usr/share/texlive/texmf-dist/tex/generic/uniquecounter/uniquecounter.sty
Package: uniquecounter 2019/12/15 v1.4 Provide unlimited unique counter (HO)
)
Package uniquecounter Info: New unique counter `rerunfilecheck' on input line 2
86.
)
\Hy@SectionHShift=\skip71
)
\c@reaction=\count289
\tabularwidth=\dimen186
Package color Info: Redefining color textcol on input line 2591.
Package color Info: Redefining color bgcol on input line 2591.
Package color Info: Redefining color textcol on input line 2595.
Package color Info: Redefining color bgcol on input line 2596.
Package color Info: Redefining color barcol on input line 2597.
)
LaTeX Info: Redefining \vec on input line 14.

(/usr/share/texlive/texmf-dist/tex/latex/l3backend/l3backend-pdfmode.def
File: l3backend-pdfmode.def 2020-02-03 L3 backend support: PDF mode
\l__kernel_color_stack_int=\count290
\l__pdf_internal_box=\box56
)
(./SOCbudget.aux)
\openout1 = `SOCbudget.aux'.

LaTeX Font Info:    Checking defaults for OML/cmm/m/it on input line 86.
LaTeX Font Info:    ... okay on input line 86.
LaTeX Font Info:    Checking defaults for OMS/cmsy/m/n on input line 86.
LaTeX Font Info:    ... okay on input line 86.
LaTeX Font Info:    Checking defaults for OT1/cmr/m/n on input line 86.
LaTeX Font Info:    ... okay on input line 86.
LaTeX Font Info:    Checking defaults for T1/cmr/m/n on input line 86.
LaTeX Font Info:    ... okay on input line 86.
LaTeX Font Info:    Checking defaults for TS1/cmr/m/n on input line 86.
LaTeX Font Info:    ... okay on input line 86.
LaTeX Font Info:    Checking defaults for OMX/cmex/m/n on input line 86.
LaTeX Font Info:    ... okay on input line 86.
LaTeX Font Info:    Checking defaults for U/cmr/m/n on input line 86.
LaTeX Font Info:    ... okay on input line 86.
LaTeX Font Info:    Checking defaults for PD1/pdf/m/n on input line 86.
LaTeX Font Info:    ... okay on input line 86.
LaTeX Font Info:    Trying to load font information for T1+ptm on input line 86
.
 (/usr/share/texlive/texmf-dist/tex/latex/psnfss/t1ptm.fd
File: t1ptm.fd 2001/06/04 font definitions for T1/ptm.
)
(/usr/share/texlive/texmf-dist/tex/context/base/mkii/supp-pdf.mkii
[Loading MPS to PDF converter (version 2006.09.02).]
\scratchcounter=\count291
\scratchdimen=\dimen187
\scratchbox=\box57
\nofMPsegments=\count292
\nofMParguments=\count293
\everyMPshowfont=\toks34
\MPscratchCnt=\count294
\MPscratchDim=\dimen188
\MPnumerator=\count295
\makeMPintoPDFobject=\count296
\everyMPtoPDFconversion=\toks35
) (/usr/share/texlive/texmf-dist/tex/latex/epstopdf-pkg/epstopdf-base.sty
Package: epstopdf-base 2020-01-24 v2.11 Base part for package epstopdf
Package epstopdf-base Info: Redefining graphics rule for `.eps' on input line 4
85.

(/usr/share/texlive/texmf-dist/tex/latex/latexconfig/epstopdf-sys.cfg
File: epstopdf-sys.cfg 2010/07/13 v1.3 Configuration of (r)epstopdf for TeX Liv
e
))
Package caption Info: Begin \AtBeginDocument code.
Package caption Info: hyperref package is loaded.
Package caption Info: rotating package is loaded.
Package caption Info: End \AtBeginDocument code.
\AtBeginShipoutBox=\box58
Package hyperref Info: Link coloring OFF on input line 86.

(/usr/share/texlive/texmf-dist/tex/latex/hyperref/nameref.sty
Package: nameref 2019/09/16 v2.46 Cross-referencing by name of section

(/usr/share/texlive/texmf-dist/tex/latex/refcount/refcount.sty
Package: refcount 2019/12/15 v3.6 Data extraction from label references (HO)
)
(/usr/share/texlive/texmf-dist/tex/generic/gettitlestring/gettitlestring.sty
Package: gettitlestring 2019/12/15 v1.6 Cleanup title references (HO)
)
\c@section@level=\count297
)
LaTeX Info: Redefining \ref on input line 86.
LaTeX Info: Redefining \pageref on input line 86.
LaTeX Info: Redefining \nameref on input line 86.
LaTeX Font Info:    Trying to load font information for U+msa on input line 131
.

(/usr/share/texlive/texmf-dist/tex/latex/amsfonts/umsa.fd
File: umsa.fd 2013/01/14 v3.01 AMS symbols A
)
LaTeX Font Info:    Trying to load font information for U+msb on input line 131
.

(/usr/share/texlive/texmf-dist/tex/latex/amsfonts/umsb.fd
File: umsb.fd 2013/01/14 v3.01 AMS symbols B
)
LaTeX Font Info:    Trying to load font information for T1+phv on input line 13
6.

(/usr/share/texlive/texmf-dist/tex/latex/psnfss/t1phv.fd
File: t1phv.fd 2001/06/04 scalable font definitions for T1/phv.
)
LaTeX Font Info:    Font shape `T1/phv/m/n' will be
(Font)              scaled to size 8.54997pt on input line 136.
 [1

{/var/lib/texmf/fonts/map/pdftex/updmap/pdftex.map}] [2] [3] [4]
Overfull \hbox (75.54668pt too wide) in paragraph at lines 207--207
[]|[]| 
 []

[5]
<LUtransitions.png, id=258, 654.5253pt x 1123.7985pt>
File: LUtransitions.png Graphic file (type png)
<use LUtransitions.png>
Package pdftex.def Info: LUtransitions.png  used on input line 271.
(pdftex.def)             Requested size: 227.62204pt x 390.81465pt.


LaTeX Warning: `h' float specifier changed to `ht'.

[6] [7 <./LUtransitions.png>] [8] [9] [10] [11] [12] [13]
<4PanelFigure.png, id=419, 569.0058pt x 398.2077pt>
File: 4PanelFigure.png Graphic file (type png)
<use 4PanelFigure.png>
Package pdftex.def Info: 4PanelFigure.png  used on input line 425.
(pdftex.def)             Requested size: 512.1496pt x 358.42007pt.

Overfull \hbox (8.53583pt too wide) in paragraph at lines 425--425
 [][] 
 []

[14 <./4PanelFigure.png>]
<SpatialDebtFigure.png, id=436, 284.5029pt x 739.563pt>
File: SpatialDebtFigure.png Graphic file (type png)
<use SpatialDebtFigure.png>
Package pdftex.def Info: SpatialDebtFigure.png  used on input line 437.
(pdftex.def)             Requested size: 179.25244pt x 465.96101pt.


LaTeX Warning: `h' float specifier changed to `ht'.

<CarbonBudget.png, id=439, 680.7834pt x 647.7801pt>
File: CarbonBudget.png Graphic file (type png)
<use CarbonBudget.png>
Package pdftex.def Info: CarbonBudget.png  used on input line 447.
(pdftex.def)             Requested size: 455.24408pt x 433.17024pt.

LaTeX Warning: `h' float specifier changed to `ht'.

[15]

LaTeX Warning: Text page 16 contains only floats.

[16 <./SpatialDebtFigure.png>] [17 <./CarbonBudget.png>]
<ScenarioManageHoriz.png, id=458, 426.6339pt x 284.5029pt>
File: ScenarioManageHoriz.png Graphic file (type png)
<use ScenarioManageHoriz.png>
Package pdftex.def Info: ScenarioManageHoriz.png  used on input line 457.
(pdftex.def)             Requested size: 398.33858pt x 265.63551pt.
 [18 <./ScenarioManageHoriz.png>]
<SCFcomparison.png, id=486, 511.9125pt x 227.4096pt>
File: SCFcomparison.png Graphic file (type png)
<use SCFcomparison.png>
Package pdftex.def Info: SCFcomparison.png  used on input line 479.
(pdftex.def)             Requested size: 455.24408pt x 202.23428pt.


LaTeX Warning: `h' float specifier changed to `ht'.

[19]
<gloComparisonFigure.png, id=523, 198.9834pt x 198.9834pt>
File: gloComparisonFigure.png Graphic file (type png)
<use gloComparisonFigure.png>
Package pdftex.def Info: gloComparisonFigure.png  used on input line 490.
(pdftex.def)             Requested size: 199.16928pt x 199.18329pt.


LaTeX Warning: `h' float specifier changed to `ht'.

[20 <./SCFcomparison.png>] [21 <./gloComparisonFigure.png (PNG copy)>]
<scatterCompareSoilGrids2_2010_lu.png, id=569, 433.62pt x 433.62pt>
File: scatterCompareSoilGrids2_2010_lu.png Graphic file (type png)
<use scatterCompareSoilGrids2_2010_lu.png>
Package pdftex.def Info: scatterCompareSoilGrids2_2010_lu.png  used on input li
ne 516.
(pdftex.def)             Requested size: 369.88582pt x 369.90204pt.


LaTeX Warning: `h' float specifier changed to `ht'.

<SOCquantilesSoilGrids2.png, id=570, 426.6339pt x 284.5029pt>
File: SOCquantilesSoilGrids2.png Graphic file (type png)
<use SOCquantilesSoilGrids2.png>
Package pdftex.def Info: SOCquantilesSoilGrids2.png  used on input line 520.
(pdftex.def)             Requested size: 398.33858pt x 265.63551pt.

LaTeX Warning: `h' float specifier changed to `ht'.

[22] [23 <./scatterCompareSoilGrids2_2010_lu.png>] [24 <./SOCquantilesSoilGrids
2.png>] [25] [26] [27] [28] [29] [30]
<ClimateZones.png, id=816, 569.0058pt x 398.2077pt>
File: ClimateZones.png Graphic file (type png)
<use ClimateZones.png>
Package pdftex.def Info: ClimateZones.png  used on input line 626.
(pdftex.def)             Requested size: 369.88582pt x 258.85623pt.

Underfull \hbox (badness 10000) in paragraph at lines 666--666

 []

[31 <./ClimateZones.png>] [32]
<ScenarioInit.png, id=842, 426.6339pt x 284.5029pt>
File: ScenarioInit.png Graphic file (type png)
<use ScenarioInit.png>
Package pdftex.def Info: ScenarioInit.png  used on input line 681.
(pdftex.def)             Requested size: 341.43306pt x 227.68944pt.
<regComparisonFigure.png, id=843, 398.2077pt x 426.6339pt>
File: regComparisonFigure.png Graphic file (type png)
<use regComparisonFigure.png>
Package pdftex.def Info: regComparisonFigure.png  used on input line 687.
(pdftex.def)             Requested size: 369.88582pt x 396.3032pt.
 [33 <./ScenarioInit.png>] [34 <./regComparisonFigure.png (PNG copy)>]
<scatterComparePointData_2010.png, id=856, 455.0601pt x 455.0601pt>
File: scatterComparePointData_2010.png Graphic file (type png)
<use scatterComparePointData_2010.png>
Package pdftex.def Info: scatterComparePointData_2010.png  used on input line 6
95.
(pdftex.def)             Requested size: 284.52756pt x 284.5438pt.
 [35 <./scatterComparePointData_2010.png>]
<scatterCompareLPJmL42010_pnv.png, id=862, 433.62pt x 433.62pt>
File: scatterCompareLPJmL42010_pnv.png Graphic file (type png)
<use scatterCompareLPJmL42010_pnv.png>
Package pdftex.def Info: scatterCompareLPJmL42010_pnv.png  used on input line 7
03.
(pdftex.def)             Requested size: 369.88582pt x 369.90204pt.
 [36 <./scatterCompareLPJmL42010_pnv.png>] (./SOCbudget.bbl [37]
Underfull \hbox (badness 6978) in paragraph at lines 24--27
[]\T1/ptm/m/n/9 Batjes, N.: To-tal Car-bon and Ni-tro-gen in the Soils of the W
orld, Eu-ro-pean Jour-nal of Soil Sci-ence, 47, 151--163,
 []


Underfull \hbox (badness 4132) in paragraph at lines 43--48
[]\T1/ptm/m/n/9 Bodirsky, B. L., Popp, A., Weindl, I., Di-et-rich, J. P., Rolin
-ski, S., Scheif-fele, L., Schmitz, C., and Lotze-Campen, H.:
 []

[38]
LaTeX Font Info:    Trying to load font information for TS1+ptm on input line 1
95.
 (/usr/share/texlive/texmf-dist/tex/latex/psnfss/ts1ptm.fd
File: ts1ptm.fd 2001/06/04 font definitions for TS1/ptm.
) [39]
Underfull \hbox (badness 1127) in paragraph at lines 240--244
[]\T1/ptm/m/n/9 Fujisaki, K., Per-rin, A.-S., Des-jardins, T., Bernoux, M., Bal
-bino, L. C., and Brossard, M.: From For-est to Crop-land and Pas-
 []


Underfull \hbox (badness 3199) in paragraph at lines 256--262
[]\T1/ptm/m/n/9 Guo, L., Deng, M., Yang, S., Liu, W., Wang, X., Wang, J., and L
iu, L.: The co-or-di-na-tion be-tween leaf and fine root
 []


Underfull \hbox (badness 4673) in paragraph at lines 256--262
\T1/ptm/m/n/9 lit-ter de-com-po-si-tion and the dif-fer-ence in their con-trol-
ling fac-tors, Global Ecol-ogy and Bio-geog-ra-phy, 30, 2286--2296,
 []

[40]
Underfull \hbox (badness 3019) in paragraph at lines 374--377
[]\T1/ptm/m/n/9 Janzen, H. H.: The Soil Car-bon Dilemma: Shall We Hoard It or U
se It?, Soil Bi-ol-ogy and Bio-chem-istry, 38, 419--424,
 []


Underfull \hbox (badness 2326) in paragraph at lines 379--382
[]\T1/ptm/m/n/9 Karstens, K.: Model out-put data of the pa-per: "Man-age-ment i
n-duced changes of soil or-ganic car-bon on global crop-lands",
 []


Underfull \hbox (badness 1189) in paragraph at lines 397--401
[]\T1/ptm/m/n/9 Keel, S. G., Leifeld, J., Mayer, J., Taghizadeh-Toosi, A., and 
Ole-sen, J. E.: Large Un-cer-tainty in Soil Car-bon Mod-elling Re-
 []


Underfull \hbox (badness 5161) in paragraph at lines 403--406
[]\T1/ptm/m/n/9 Lal, R.: World Crop-land Soils as a Source or Sink for At-mo-sp
heric Car-bon, vol. 71, pp. 145--191, Aca-demic Press,
 []

[41]
Underfull \hbox (badness 1694) in paragraph at lines 542--547
[]\T1/ptm/m/n/9 Portmann, F. T., Siebert, S., and Döll, P.: MIRCA2000^^VGlobal 
Monthly Ir-ri-gated and Rain-fed Crop Ar-eas around the Year
 []


Underfull \hbox (badness 2689) in paragraph at lines 542--547
\T1/ptm/m/n/9 2000: A New High-Resolution Data Set for Agri-cul-tural and Hy-dr
o-log-i-cal Mod-el-ing, Global Bio-geo-chem-i-cal Cy-cles, 24,
 []

[42] [43]
Underfull \hbox (badness 10000) in paragraph at lines 673--676
[]\T1/ptm/m/n/9 Smil, V.: Ni-tro-gen in Crop Pro-duc-tion: An Ac-count of Globa
l Flows, Global Bio-geo-chem-i-cal Cy-cles, 13, 647--662,
 []


Underfull \hbox (badness 1178) in paragraph at lines 690--693
[]\T1/ptm/m/n/9 Smith, P.: Soil Car-bon Se-ques-tra-tion and Biochar as Neg-a-t
ive Emis-sion Tech-nolo-gies, Global Change Bi-ol-ogy, 22, 1315--1324,
 []


Underfull \hbox (badness 3601) in paragraph at lines 750--754
[]\T1/ptm/m/n/9 Waha, K., Di-et-rich, J. P., Port-mann, F. T., Siebert, S., Tho
rn-ton, P. K., Bon-deau, A., and Her-rero, M.: Mul-ti-ple Crop-
 []


Underfull \hbox (badness 1259) in paragraph at lines 750--754
\T1/ptm/m/n/9 ping Sys-tems of the World and the Po-ten-tial for In-creas-ing C
rop-ping In-ten-sity, Global En-vi-ron-men-tal Change, 64, 102131,
 []

[44]) [45]
Package atveryend Info: Empty hook `BeforeClearDocument' on input line 764.
Package atveryend Info: Empty hook `AfterLastShipout' on input line 764.
 (./SOCbudget.aux)
Package atveryend Info: Executing hook `AtVeryEndDocument' on input line 764.
Package atveryend Info: Empty hook `AtEndAfterFileList' on input line 764.
Package atveryend Info: Empty hook `AtVeryVeryEnd' on input line 764.
 ) 
Here is how much of TeX's memory you used:
 10900 strings out of 483183
 163586 string characters out of 5966292
 480325 words of memory out of 5000000
 25426 multiletter control sequences out of 15000+600000
 578715 words of font info for 87 fonts, out of 8000000 for 9000
 14 hyphenation exceptions out of 8191
 49i,17n,46p,1766b,675s stack positions out of 5000i,500n,10000p,200000b,80000s
{/usr/share/texlive/texmf-dist/fonts/enc/dvips/base/8r.enc}</usr/share/texliv
e/texmf-dist/fonts/type1/public/amsfonts/cm/cmex10.pfb></usr/share/texlive/texm
f-dist/fonts/type1/public/amsfonts/cm/cmmi10.pfb></usr/share/texlive/texmf-dist
/fonts/type1/public/amsfonts/cm/cmmi5.pfb></usr/share/texlive/texmf-dist/fonts/
type1/public/amsfonts/cm/cmmi7.pfb></usr/share/texlive/texmf-dist/fonts/type1/p
ublic/amsfonts/cm/cmmi9.pfb></usr/share/texlive/texmf-dist/fonts/type1/public/a
msfonts/cm/cmr10.pfb></usr/share/texlive/texmf-dist/fonts/type1/public/amsfonts
/cm/cmr6.pfb></usr/share/texlive/texmf-dist/fonts/type1/public/amsfonts/cm/cmr7
.pfb></usr/share/texlive/texmf-dist/fonts/type1/public/amsfonts/cm/cmr9.pfb></u
sr/share/texlive/texmf-dist/fonts/type1/public/amsfonts/cm/cmsy10.pfb></usr/sha
re/texlive/texmf-dist/fonts/type1/public/amsfonts/cm/cmsy5.pfb></usr/share/texl
ive/texmf-dist/fonts/type1/public/amsfonts/cm/cmsy7.pfb></usr/share/texlive/tex
mf-dist/fonts/type1/urw/helvetic/uhvr8a.pfb></usr/share/texlive/texmf-dist/font
s/type1/urw/times/utmb8a.pfb></usr/share/texlive/texmf-dist/fonts/type1/urw/tim
es/utmr8a.pfb></usr/share/texlive/texmf-dist/fonts/type1/urw/times/utmri8a.pfb>

Output written on SOCbudget.pdf (45 pages, 3570550 bytes).
PDF statistics:
 1139 PDF objects out of 1200 (max. 8388607)
 1039 compressed objects within 11 object streams
 235 named destinations out of 1000 (max. 500000)
 71 words of extra memory for PDF output out of 10000 (max. 10000000)

